\BOOKMARK [0][-]{chapter.1}{\376\377\0001\000\040\000C\000l\000a\000s\000s\000\040\000I\000n\000d\000e\000x}{}% 1
\BOOKMARK [1][-]{section.1.1}{\376\377\0001\000.\0001\000\040\000C\000l\000a\000s\000s\000\040\000L\000i\000s\000t}{chapter.1}% 2
\BOOKMARK [0][-]{chapter.2}{\376\377\0002\000\040\000F\000i\000l\000e\000\040\000I\000n\000d\000e\000x}{}% 3
\BOOKMARK [1][-]{section.2.1}{\376\377\0002\000.\0001\000\040\000F\000i\000l\000e\000\040\000L\000i\000s\000t}{chapter.2}% 4
\BOOKMARK [0][-]{chapter.3}{\376\377\0003\000\040\000C\000l\000a\000s\000s\000\040\000D\000o\000c\000u\000m\000e\000n\000t\000a\000t\000i\000o\000n}{}% 5
\BOOKMARK [1][-]{section.3.1}{\376\377\0003\000.\0001\000\040\000S\000e\000t\000t\000i\000n\000g\000s\000\040\000C\000l\000a\000s\000s\000\040\000R\000e\000f\000e\000r\000e\000n\000c\000e}{chapter.3}% 6
\BOOKMARK [2][-]{subsection.3.1.1}{\376\377\0003\000.\0001\000.\0001\000\040\000M\000e\000m\000b\000e\000r\000\040\000E\000n\000u\000m\000e\000r\000a\000t\000i\000o\000n\000\040\000D\000o\000c\000u\000m\000e\000n\000t\000a\000t\000i\000o\000n}{section.3.1}% 7
\BOOKMARK [3][-]{subsubsection.3.1.1.1}{\376\377\0003\000.\0001\000.\0001\000.\0001\000\040\000I\000n\000p\000u\000t\000T\000y\000p\000e}{subsection.3.1.1}% 8
\BOOKMARK [3][-]{subsubsection.3.1.1.2}{\376\377\0003\000.\0001\000.\0001\000.\0002\000\040\000P\000a\000t\000t\000e\000r\000n}{subsection.3.1.1}% 9
\BOOKMARK [2][-]{subsection.3.1.2}{\376\377\0003\000.\0001\000.\0002\000\040\000C\000o\000n\000s\000t\000r\000u\000c\000t\000o\000r\000\040\000\046\000\040\000D\000e\000s\000t\000r\000u\000c\000t\000o\000r\000\040\000D\000o\000c\000u\000m\000e\000n\000t\000a\000t\000i\000o\000n}{section.3.1}% 10
\BOOKMARK [3][-]{subsubsection.3.1.2.1}{\376\377\0003\000.\0001\000.\0002\000.\0001\000\040\000S\000e\000t\000t\000i\000n\000g\000s\000\050\000\051}{subsection.3.1.2}% 11
\BOOKMARK [2][-]{subsection.3.1.3}{\376\377\0003\000.\0001\000.\0003\000\040\000M\000e\000m\000b\000e\000r\000\040\000F\000u\000n\000c\000t\000i\000o\000n\000\040\000D\000o\000c\000u\000m\000e\000n\000t\000a\000t\000i\000o\000n}{section.3.1}% 12
\BOOKMARK [3][-]{subsubsection.3.1.3.1}{\376\377\0003\000.\0001\000.\0003\000.\0001\000\040\000i\000s\000L\000i\000s\000t\000O\000f\000I\000m\000a\000g\000e\000s\000\050\000\051}{subsection.3.1.3}% 13
\BOOKMARK [3][-]{subsubsection.3.1.3.2}{\376\377\0003\000.\0001\000.\0003\000.\0002\000\040\000n\000e\000x\000t\000I\000m\000a\000g\000e\000\050\000\051}{subsection.3.1.3}% 14
\BOOKMARK [3][-]{subsubsection.3.1.3.3}{\376\377\0003\000.\0001\000.\0003\000.\0003\000\040\000r\000e\000a\000d\000\050\000\051}{subsection.3.1.3}% 15
\BOOKMARK [3][-]{subsubsection.3.1.3.4}{\376\377\0003\000.\0001\000.\0003\000.\0004\000\040\000r\000e\000a\000d\000S\000t\000r\000i\000n\000g\000L\000i\000s\000t\000\050\000\051}{subsection.3.1.3}% 16
\BOOKMARK [3][-]{subsubsection.3.1.3.5}{\376\377\0003\000.\0001\000.\0003\000.\0005\000\040\000v\000a\000l\000i\000d\000a\000t\000e\000\050\000\051}{subsection.3.1.3}% 17
\BOOKMARK [3][-]{subsubsection.3.1.3.6}{\376\377\0003\000.\0001\000.\0003\000.\0006\000\040\000w\000r\000i\000t\000e\000\050\000\051}{subsection.3.1.3}% 18
\BOOKMARK [2][-]{subsection.3.1.4}{\376\377\0003\000.\0001\000.\0004\000\040\000M\000e\000m\000b\000e\000r\000\040\000D\000a\000t\000a\000\040\000D\000o\000c\000u\000m\000e\000n\000t\000a\000t\000i\000o\000n}{section.3.1}% 19
\BOOKMARK [3][-]{subsubsection.3.1.4.1}{\376\377\0003\000.\0001\000.\0004\000.\0001\000\040\000a\000s\000p\000e\000c\000t\000R\000a\000t\000i\000o}{subsection.3.1.4}% 20
\BOOKMARK [3][-]{subsubsection.3.1.4.2}{\376\377\0003\000.\0001\000.\0004\000.\0002\000\040\000a\000t\000I\000m\000a\000g\000e\000L\000i\000s\000t}{subsection.3.1.4}% 21
\BOOKMARK [3][-]{subsubsection.3.1.4.3}{\376\377\0003\000.\0001\000.\0004\000.\0003\000\040\000b\000o\000a\000r\000d\000S\000i\000z\000e}{subsection.3.1.4}% 22
\BOOKMARK [3][-]{subsubsection.3.1.4.4}{\376\377\0003\000.\0001\000.\0004\000.\0004\000\040\000c\000a\000l\000i\000b\000F\000i\000x\000P\000r\000i\000n\000c\000i\000p\000a\000l\000P\000o\000i\000n\000t}{subsection.3.1.4}% 23
\BOOKMARK [3][-]{subsubsection.3.1.4.5}{\376\377\0003\000.\0001\000.\0004\000.\0005\000\040\000c\000a\000l\000i\000b\000r\000a\000t\000i\000o\000n\000P\000a\000t\000t\000e\000r\000n}{subsection.3.1.4}% 24
\BOOKMARK [3][-]{subsubsection.3.1.4.6}{\376\377\0003\000.\0001\000.\0004\000.\0006\000\040\000c\000a\000l\000i\000b\000Z\000e\000r\000o\000T\000a\000n\000g\000e\000n\000t\000D\000i\000s\000t}{subsection.3.1.4}% 25
\BOOKMARK [3][-]{subsubsection.3.1.4.7}{\376\377\0003\000.\0001\000.\0004\000.\0007\000\040\000c\000a\000m\000e\000r\000a\000I\000D}{subsection.3.1.4}% 26
\BOOKMARK [3][-]{subsubsection.3.1.4.8}{\376\377\0003\000.\0001\000.\0004\000.\0008\000\040\000d\000e\000l\000a\000y}{subsection.3.1.4}% 27
\BOOKMARK [3][-]{subsubsection.3.1.4.9}{\376\377\0003\000.\0001\000.\0004\000.\0009\000\040\000f\000i\000x\000K\0001}{subsection.3.1.4}% 28
\BOOKMARK [3][-]{subsubsection.3.1.4.10}{\376\377\0003\000.\0001\000.\0004\000.\0001\0000\000\040\000f\000i\000x\000K\0002}{subsection.3.1.4}% 29
\BOOKMARK [3][-]{subsubsection.3.1.4.11}{\376\377\0003\000.\0001\000.\0004\000.\0001\0001\000\040\000f\000i\000x\000K\0003}{subsection.3.1.4}% 30
\BOOKMARK [3][-]{subsubsection.3.1.4.12}{\376\377\0003\000.\0001\000.\0004\000.\0001\0002\000\040\000f\000i\000x\000K\0004}{subsection.3.1.4}% 31
\BOOKMARK [3][-]{subsubsection.3.1.4.13}{\376\377\0003\000.\0001\000.\0004\000.\0001\0003\000\040\000f\000i\000x\000K\0005}{subsection.3.1.4}% 32
\BOOKMARK [3][-]{subsubsection.3.1.4.14}{\376\377\0003\000.\0001\000.\0004\000.\0001\0004\000\040\000f\000l\000a\000g}{subsection.3.1.4}% 33
\BOOKMARK [3][-]{subsubsection.3.1.4.15}{\376\377\0003\000.\0001\000.\0004\000.\0001\0005\000\040\000f\000l\000i\000p\000V\000e\000r\000t\000i\000c\000a\000l}{subsection.3.1.4}% 34
\BOOKMARK [3][-]{subsubsection.3.1.4.16}{\376\377\0003\000.\0001\000.\0004\000.\0001\0006\000\040\000g\000o\000o\000d\000I\000n\000p\000u\000t}{subsection.3.1.4}% 35
\BOOKMARK [3][-]{subsubsection.3.1.4.17}{\376\377\0003\000.\0001\000.\0004\000.\0001\0007\000\040\000i\000m\000a\000g\000e\000L\000i\000s\000t}{subsection.3.1.4}% 36
\BOOKMARK [3][-]{subsubsection.3.1.4.18}{\376\377\0003\000.\0001\000.\0004\000.\0001\0008\000\040\000i\000n\000p\000u\000t}{subsection.3.1.4}% 37
\BOOKMARK [3][-]{subsubsection.3.1.4.19}{\376\377\0003\000.\0001\000.\0004\000.\0001\0009\000\040\000i\000n\000p\000u\000t\000C\000a\000p\000t\000u\000r\000e}{subsection.3.1.4}% 38
\BOOKMARK [3][-]{subsubsection.3.1.4.20}{\376\377\0003\000.\0001\000.\0004\000.\0002\0000\000\040\000i\000n\000p\000u\000t\000T\000y\000p\000e}{subsection.3.1.4}% 39
\BOOKMARK [3][-]{subsubsection.3.1.4.21}{\376\377\0003\000.\0001\000.\0004\000.\0002\0001\000\040\000n\000r\000F\000r\000a\000m\000e\000s}{subsection.3.1.4}% 40
\BOOKMARK [3][-]{subsubsection.3.1.4.22}{\376\377\0003\000.\0001\000.\0004\000.\0002\0002\000\040\000o\000u\000t\000p\000u\000t\000F\000i\000l\000e\000N\000a\000m\000e}{subsection.3.1.4}% 41
\BOOKMARK [3][-]{subsubsection.3.1.4.23}{\376\377\0003\000.\0001\000.\0004\000.\0002\0003\000\040\000s\000h\000o\000w\000U\000n\000d\000i\000s\000t\000o\000r\000s\000e\000d}{subsection.3.1.4}% 42
\BOOKMARK [3][-]{subsubsection.3.1.4.24}{\376\377\0003\000.\0001\000.\0004\000.\0002\0004\000\040\000s\000q\000u\000a\000r\000e\000S\000i\000z\000e}{subsection.3.1.4}% 43
\BOOKMARK [3][-]{subsubsection.3.1.4.25}{\376\377\0003\000.\0001\000.\0004\000.\0002\0005\000\040\000u\000s\000e\000F\000i\000s\000h\000e\000y\000e}{subsection.3.1.4}% 44
\BOOKMARK [3][-]{subsubsection.3.1.4.26}{\376\377\0003\000.\0001\000.\0004\000.\0002\0006\000\040\000w\000r\000i\000t\000e\000E\000x\000t\000r\000i\000n\000s\000i\000c\000s}{subsection.3.1.4}% 45
\BOOKMARK [3][-]{subsubsection.3.1.4.27}{\376\377\0003\000.\0001\000.\0004\000.\0002\0007\000\040\000w\000r\000i\000t\000e\000P\000o\000i\000n\000t\000s}{subsection.3.1.4}% 46
\BOOKMARK [0][-]{chapter.4}{\376\377\0004\000\040\000F\000i\000l\000e\000\040\000D\000o\000c\000u\000m\000e\000n\000t\000a\000t\000i\000o\000n}{}% 47
\BOOKMARK [1][-]{section.4.1}{\376\377\0004\000.\0001\000\040\000s\000r\000c\000/\000c\000a\000l\000i\000b\000r\000a\000t\000i\000o\000n\000.\000c\000c\000\040\000F\000i\000l\000e\000\040\000R\000e\000f\000e\000r\000e\000n\000c\000e}{chapter.4}% 48
\BOOKMARK [2][-]{subsection.4.1.1}{\376\377\0004\000.\0001\000.\0001\000\040\000F\000u\000n\000c\000t\000i\000o\000n\000\040\000D\000o\000c\000u\000m\000e\000n\000t\000a\000t\000i\000o\000n}{section.4.1}% 49
\BOOKMARK [3][-]{subsubsection.4.1.1.1}{\376\377\0004\000.\0001\000.\0001\000.\0001\000\040\000c\000a\000l\000c\000B\000o\000a\000r\000d\000C\000o\000r\000n\000e\000r\000P\000o\000s\000i\000t\000i\000o\000n\000s\000\050\000\051}{subsection.4.1.1}% 50
\BOOKMARK [3][-]{subsubsection.4.1.1.2}{\376\377\0004\000.\0001\000.\0001\000.\0002\000\040\000c\000a\000l\000i\000b\000r\000a\000t\000i\000o\000n\000\050\000\051}{subsection.4.1.1}% 51
\BOOKMARK [3][-]{subsubsection.4.1.1.3}{\376\377\0004\000.\0001\000.\0001\000.\0003\000\040\000c\000o\000m\000p\000u\000t\000e\000R\000e\000p\000r\000o\000j\000e\000c\000t\000i\000o\000n\000E\000r\000r\000o\000r\000s\000\050\000\051}{subsection.4.1.1}% 52
\BOOKMARK [3][-]{subsubsection.4.1.1.4}{\376\377\0004\000.\0001\000.\0001\000.\0004\000\040\000r\000e\000a\000d\000\050\000\051}{subsection.4.1.1}% 53
\BOOKMARK [3][-]{subsubsection.4.1.1.5}{\376\377\0004\000.\0001\000.\0001\000.\0005\000\040\000r\000u\000n\000C\000a\000l\000i\000b\000r\000a\000t\000i\000o\000n\000\050\000\051}{subsection.4.1.1}% 54
\BOOKMARK [3][-]{subsubsection.4.1.1.6}{\376\377\0004\000.\0001\000.\0001\000.\0006\000\040\000r\000u\000n\000C\000a\000l\000i\000b\000r\000a\000t\000i\000o\000n\000A\000n\000d\000S\000a\000v\000e\000\050\000\051}{subsection.4.1.1}% 55
\BOOKMARK [3][-]{subsubsection.4.1.1.7}{\376\377\0004\000.\0001\000.\0001\000.\0007\000\040\000s\000a\000v\000e\000C\000a\000m\000e\000r\000a\000P\000a\000r\000a\000m\000s\000\050\000\051}{subsection.4.1.1}% 56
\BOOKMARK [1][-]{section.4.2}{\376\377\0004\000.\0002\000\040\000s\000r\000c\000/\000c\000a\000l\000i\000b\000r\000a\000t\000i\000o\000n\000.\000h\000h\000\040\000F\000i\000l\000e\000\040\000R\000e\000f\000e\000r\000e\000n\000c\000e}{chapter.4}% 57
\BOOKMARK [2][-]{subsection.4.2.1}{\376\377\0004\000.\0002\000.\0001\000\040\000D\000e\000t\000a\000i\000l\000e\000d\000\040\000D\000e\000s\000c\000r\000i\000p\000t\000i\000o\000n}{section.4.2}% 58
\BOOKMARK [2][-]{subsection.4.2.2}{\376\377\0004\000.\0002\000.\0002\000\040\000E\000n\000u\000m\000e\000r\000a\000t\000i\000o\000n\000\040\000T\000y\000p\000e\000\040\000D\000o\000c\000u\000m\000e\000n\000t\000a\000t\000i\000o\000n}{section.4.2}% 59
\BOOKMARK [3][-]{subsubsection.4.2.2.1}{\376\377\0004\000.\0002\000.\0002\000.\0001\000\040\000a\000n\000o\000n\000y\000m\000o\000u\000s\000\040\000e\000n\000u\000m}{subsection.4.2.2}% 60
\BOOKMARK [2][-]{subsection.4.2.3}{\376\377\0004\000.\0002\000.\0003\000\040\000F\000u\000n\000c\000t\000i\000o\000n\000\040\000D\000o\000c\000u\000m\000e\000n\000t\000a\000t\000i\000o\000n}{section.4.2}% 61
\BOOKMARK [3][-]{subsubsection.4.2.3.1}{\376\377\0004\000.\0002\000.\0003\000.\0001\000\040\000c\000a\000l\000i\000b\000r\000a\000t\000i\000o\000n\000\050\000\051}{subsection.4.2.3}% 62
\BOOKMARK [3][-]{subsubsection.4.2.3.2}{\376\377\0004\000.\0002\000.\0003\000.\0002\000\040\000r\000u\000n\000C\000a\000l\000i\000b\000r\000a\000t\000i\000o\000n\000A\000n\000d\000S\000a\000v\000e\000\050\000\051}{subsection.4.2.3}% 63
\BOOKMARK [1][-]{section.4.3}{\376\377\0004\000.\0003\000\040\000s\000r\000c\000/\000c\000a\000l\000i\000b\000r\000a\000t\000i\000o\000n\000\137\000r\000u\000n\000.\000c\000c\000\040\000F\000i\000l\000e\000\040\000R\000e\000f\000e\000r\000e\000n\000c\000e}{chapter.4}% 64
\BOOKMARK [2][-]{subsection.4.3.1}{\376\377\0004\000.\0003\000.\0001\000\040\000F\000u\000n\000c\000t\000i\000o\000n\000\040\000D\000o\000c\000u\000m\000e\000n\000t\000a\000t\000i\000o\000n}{section.4.3}% 65
\BOOKMARK [3][-]{subsubsection.4.3.1.1}{\376\377\0004\000.\0003\000.\0001\000.\0001\000\040\000m\000a\000i\000n\000\050\000\051}{subsection.4.3.1}% 66
\BOOKMARK [1][-]{section.4.4}{\376\377\0004\000.\0004\000\040\000s\000r\000c\000/\000c\000r\000e\000a\000t\000e\000\137\000x\000m\000l\000.\000c\000c\000\040\000F\000i\000l\000e\000\040\000R\000e\000f\000e\000r\000e\000n\000c\000e}{chapter.4}% 67
\BOOKMARK [2][-]{subsection.4.4.1}{\376\377\0004\000.\0004\000.\0001\000\040\000F\000u\000n\000c\000t\000i\000o\000n\000\040\000D\000o\000c\000u\000m\000e\000n\000t\000a\000t\000i\000o\000n}{section.4.4}% 68
\BOOKMARK [3][-]{subsubsection.4.4.1.1}{\376\377\0004\000.\0004\000.\0001\000.\0001\000\040\000m\000a\000i\000n\000\050\000\051}{subsection.4.4.1}% 69
\BOOKMARK [1][-]{section.4.5}{\376\377\0004\000.\0005\000\040\000s\000r\000c\000/\000d\000e\000t\000e\000c\000t\000i\000o\000n\000.\000c\000c\000\040\000F\000i\000l\000e\000\040\000R\000e\000f\000e\000r\000e\000n\000c\000e}{chapter.4}% 70
\BOOKMARK [2][-]{subsection.4.5.1}{\376\377\0004\000.\0005\000.\0001\000\040\000F\000u\000n\000c\000t\000i\000o\000n\000\040\000D\000o\000c\000u\000m\000e\000n\000t\000a\000t\000i\000o\000n}{section.4.5}% 71
\BOOKMARK [3][-]{subsubsection.4.5.1.1}{\376\377\0004\000.\0005\000.\0001\000.\0001\000\040\000d\000e\000t\000e\000c\000t\000i\000o\000n\000\050\000\051}{subsection.4.5.1}% 72
\BOOKMARK [3][-]{subsubsection.4.5.1.2}{\376\377\0004\000.\0005\000.\0001\000.\0002\000\040\000e\000r\000o\000d\000e\000\137\000d\000i\000l\000a\000t\000i\000o\000n\000\050\000\051}{subsection.4.5.1}% 73
\BOOKMARK [3][-]{subsubsection.4.5.1.3}{\376\377\0004\000.\0005\000.\0001\000.\0003\000\040\000f\000i\000n\000d\000\137\000c\000o\000n\000t\000o\000u\000r\000s\000\050\000\051}{subsection.4.5.1}% 74
\BOOKMARK [3][-]{subsubsection.4.5.1.4}{\376\377\0004\000.\0005\000.\0001\000.\0004\000\040\000l\000o\000a\000d\000\137\000n\000u\000m\000b\000e\000r\000\137\000t\000e\000m\000p\000l\000a\000t\000e\000\050\000\051}{subsection.4.5.1}% 75
\BOOKMARK [3][-]{subsubsection.4.5.1.5}{\376\377\0004\000.\0005\000.\0001\000.\0005\000\040\000n\000u\000m\000b\000e\000r\000\137\000r\000e\000c\000o\000g\000n\000i\000t\000i\000o\000n\000\050\000\051}{subsection.4.5.1}% 76
\BOOKMARK [3][-]{subsubsection.4.5.1.6}{\376\377\0004\000.\0005\000.\0001\000.\0006\000\040\000s\000a\000v\000e\000\137\000c\000o\000n\000v\000e\000x\000\137\000h\000u\000l\000l\000\050\000\051}{subsection.4.5.1}% 77
\BOOKMARK [3][-]{subsubsection.4.5.1.7}{\376\377\0004\000.\0005\000.\0001\000.\0007\000\040\000s\000h\000a\000p\000e\000\137\000d\000e\000t\000e\000c\000t\000i\000o\000n\000\050\000\051}{subsection.4.5.1}% 78
\BOOKMARK [2][-]{subsection.4.5.2}{\376\377\0004\000.\0005\000.\0002\000\040\000V\000a\000r\000i\000a\000b\000l\000e\000\040\000D\000o\000c\000u\000m\000e\000n\000t\000a\000t\000i\000o\000n}{section.4.5}% 79
\BOOKMARK [3][-]{subsubsection.4.5.2.1}{\376\377\0004\000.\0005\000.\0002\000.\0001\000\040\000f\000s\000\137\000x\000m\000l}{subsection.4.5.2}% 80
\BOOKMARK [3][-]{subsubsection.4.5.2.2}{\376\377\0004\000.\0005\000.\0002\000.\0002\000\040\000t\000e\000m\000p\000l\000a\000t\000e\000s}{subsection.4.5.2}% 81
\BOOKMARK [3][-]{subsubsection.4.5.2.3}{\376\377\0004\000.\0005\000.\0002\000.\0003\000\040\000x\000m\000l\000\137\000s\000e\000t\000t\000i\000n\000g\000s}{subsection.4.5.2}% 82
\BOOKMARK [1][-]{section.4.6}{\376\377\0004\000.\0006\000\040\000s\000r\000c\000/\000d\000e\000t\000e\000c\000t\000i\000o\000n\000.\000h\000h\000\040\000F\000i\000l\000e\000\040\000R\000e\000f\000e\000r\000e\000n\000c\000e}{chapter.4}% 83
\BOOKMARK [2][-]{subsection.4.6.1}{\376\377\0004\000.\0006\000.\0001\000\040\000F\000u\000n\000c\000t\000i\000o\000n\000\040\000D\000o\000c\000u\000m\000e\000n\000t\000a\000t\000i\000o\000n}{section.4.6}% 84
\BOOKMARK [3][-]{subsubsection.4.6.1.1}{\376\377\0004\000.\0006\000.\0001\000.\0001\000\040\000d\000e\000t\000e\000c\000t\000i\000o\000n\000\050\000\051}{subsection.4.6.1}% 85
\BOOKMARK [3][-]{subsubsection.4.6.1.2}{\376\377\0004\000.\0006\000.\0001\000.\0002\000\040\000e\000r\000o\000d\000e\000\137\000d\000i\000l\000a\000t\000i\000o\000n\000\050\000\051}{subsection.4.6.1}% 86
\BOOKMARK [3][-]{subsubsection.4.6.1.3}{\376\377\0004\000.\0006\000.\0001\000.\0003\000\040\000f\000i\000n\000d\000\137\000c\000o\000n\000t\000o\000u\000r\000s\000\050\000\051}{subsection.4.6.1}% 87
\BOOKMARK [3][-]{subsubsection.4.6.1.4}{\376\377\0004\000.\0006\000.\0001\000.\0004\000\040\000l\000o\000a\000d\000\137\000n\000u\000m\000b\000e\000r\000\137\000t\000e\000m\000p\000l\000a\000t\000e\000\050\000\051}{subsection.4.6.1}% 88
\BOOKMARK [3][-]{subsubsection.4.6.1.5}{\376\377\0004\000.\0006\000.\0001\000.\0005\000\040\000n\000u\000m\000b\000e\000r\000\137\000r\000e\000c\000o\000g\000n\000i\000t\000i\000o\000n\000\050\000\051}{subsection.4.6.1}% 89
\BOOKMARK [3][-]{subsubsection.4.6.1.6}{\376\377\0004\000.\0006\000.\0001\000.\0006\000\040\000s\000a\000v\000e\000\137\000c\000o\000n\000v\000e\000x\000\137\000h\000u\000l\000l\000\050\000\051}{subsection.4.6.1}% 90
\BOOKMARK [3][-]{subsubsection.4.6.1.7}{\376\377\0004\000.\0006\000.\0001\000.\0007\000\040\000s\000h\000a\000p\000e\000\137\000d\000e\000t\000e\000c\000t\000i\000o\000n\000\050\000\051}{subsection.4.6.1}% 91
\BOOKMARK [1][-]{section.4.7}{\376\377\0004\000.\0007\000\040\000s\000r\000c\000/\000d\000e\000t\000e\000c\000t\000i\000o\000n\000\137\000r\000u\000n\000.\000c\000c\000\040\000F\000i\000l\000e\000\040\000R\000e\000f\000e\000r\000e\000n\000c\000e}{chapter.4}% 92
\BOOKMARK [2][-]{subsection.4.7.1}{\376\377\0004\000.\0007\000.\0001\000\040\000F\000u\000n\000c\000t\000i\000o\000n\000\040\000D\000o\000c\000u\000m\000e\000n\000t\000a\000t\000i\000o\000n}{section.4.7}% 93
\BOOKMARK [3][-]{subsubsection.4.7.1.1}{\376\377\0004\000.\0007\000.\0001\000.\0001\000\040\000m\000a\000i\000n\000\050\000\051}{subsection.4.7.1}% 94
\BOOKMARK [1][-]{section.4.8}{\376\377\0004\000.\0008\000\040\000s\000r\000c\000/\000m\000a\000i\000n\000.\000c\000c\000\040\000F\000i\000l\000e\000\040\000R\000e\000f\000e\000r\000e\000n\000c\000e}{chapter.4}% 95
\BOOKMARK [2][-]{subsection.4.8.1}{\376\377\0004\000.\0008\000.\0001\000\040\000F\000u\000n\000c\000t\000i\000o\000n\000\040\000D\000o\000c\000u\000m\000e\000n\000t\000a\000t\000i\000o\000n}{section.4.8}% 96
\BOOKMARK [3][-]{subsubsection.4.8.1.1}{\376\377\0004\000.\0008\000.\0001\000.\0001\000\040\000m\000a\000i\000n\000\050\000\051}{subsection.4.8.1}% 97
\BOOKMARK [1][-]{section.4.9}{\376\377\0004\000.\0009\000\040\000s\000r\000c\000/\000u\000n\000w\000r\000a\000p\000p\000i\000n\000g\000.\000c\000c\000\040\000F\000i\000l\000e\000\040\000R\000e\000f\000e\000r\000e\000n\000c\000e}{chapter.4}% 98
\BOOKMARK [2][-]{subsection.4.9.1}{\376\377\0004\000.\0009\000.\0001\000\040\000M\000a\000c\000r\000o\000\040\000D\000e\000f\000i\000n\000i\000t\000i\000o\000n\000\040\000D\000o\000c\000u\000m\000e\000n\000t\000a\000t\000i\000o\000n}{section.4.9}% 99
\BOOKMARK [3][-]{subsubsection.4.9.1.1}{\376\377\0004\000.\0009\000.\0001\000.\0001\000\040\000a\000r\000e\000a\000\137\000r\000a\000t\000i\000o}{subsection.4.9.1}% 100
\BOOKMARK [2][-]{subsection.4.9.2}{\376\377\0004\000.\0009\000.\0002\000\040\000F\000u\000n\000c\000t\000i\000o\000n\000\040\000D\000o\000c\000u\000m\000e\000n\000t\000a\000t\000i\000o\000n}{section.4.9}% 101
\BOOKMARK [3][-]{subsubsection.4.9.2.1}{\376\377\0004\000.\0009\000.\0002\000.\0001\000\040\000d\000i\000s\000t\000a\000n\000c\000e\000\050\000\051}{subsection.4.9.2}% 102
\BOOKMARK [3][-]{subsubsection.4.9.2.2}{\376\377\0004\000.\0009\000.\0002\000.\0002\000\040\000l\000o\000a\000d\000C\000o\000e\000f\000f\000i\000c\000i\000e\000n\000t\000s\000\050\000\051}{subsection.4.9.2}% 103
\BOOKMARK [3][-]{subsubsection.4.9.2.3}{\376\377\0004\000.\0009\000.\0002\000.\0003\000\040\000s\000w\000a\000p\000\050\000\051}{subsection.4.9.2}% 104
\BOOKMARK [3][-]{subsubsection.4.9.2.4}{\376\377\0004\000.\0009\000.\0002\000.\0004\000\040\000u\000n\000w\000r\000a\000p\000p\000i\000n\000g\000\050\000\051}{subsection.4.9.2}% 105
\BOOKMARK [2][-]{subsection.4.9.3}{\376\377\0004\000.\0009\000.\0003\000\040\000V\000a\000r\000i\000a\000b\000l\000e\000\040\000D\000o\000c\000u\000m\000e\000n\000t\000a\000t\000i\000o\000n}{section.4.9}% 106
\BOOKMARK [3][-]{subsubsection.4.9.3.1}{\376\377\0004\000.\0009\000.\0003\000.\0001\000\040\000x\000m\000l\000\137\000s\000e\000t\000t\000i\000n\000g\000s}{subsection.4.9.3}% 107
\BOOKMARK [1][-]{section.4.10}{\376\377\0004\000.\0001\0000\000\040\000s\000r\000c\000/\000u\000n\000w\000r\000a\000p\000p\000i\000n\000g\000.\000h\000h\000\040\000F\000i\000l\000e\000\040\000R\000e\000f\000e\000r\000e\000n\000c\000e}{chapter.4}% 108
\BOOKMARK [2][-]{subsection.4.10.1}{\376\377\0004\000.\0001\0000\000.\0001\000\040\000F\000u\000n\000c\000t\000i\000o\000n\000\040\000D\000o\000c\000u\000m\000e\000n\000t\000a\000t\000i\000o\000n}{section.4.10}% 109
\BOOKMARK [3][-]{subsubsection.4.10.1.1}{\376\377\0004\000.\0001\0000\000.\0001\000.\0001\000\040\000l\000o\000a\000d\000C\000o\000e\000f\000f\000i\000c\000i\000e\000n\000t\000s\000\050\000\051}{subsection.4.10.1}% 110
\BOOKMARK [3][-]{subsubsection.4.10.1.2}{\376\377\0004\000.\0001\0000\000.\0001\000.\0002\000\040\000u\000n\000w\000r\000a\000p\000p\000i\000n\000g\000\050\000\051}{subsection.4.10.1}% 111
\BOOKMARK [1][-]{section.4.11}{\376\377\0004\000.\0001\0001\000\040\000s\000r\000c\000/\000u\000n\000w\000r\000a\000p\000p\000i\000n\000g\000\137\000r\000u\000n\000.\000c\000c\000\040\000F\000i\000l\000e\000\040\000R\000e\000f\000e\000r\000e\000n\000c\000e}{chapter.4}% 112
\BOOKMARK [2][-]{subsection.4.11.1}{\376\377\0004\000.\0001\0001\000.\0001\000\040\000F\000u\000n\000c\000t\000i\000o\000n\000\040\000D\000o\000c\000u\000m\000e\000n\000t\000a\000t\000i\000o\000n}{section.4.11}% 113
\BOOKMARK [3][-]{subsubsection.4.11.1.1}{\376\377\0004\000.\0001\0001\000.\0001\000.\0001\000\040\000m\000a\000i\000n\000\050\000\051}{subsection.4.11.1}% 114
\BOOKMARK [1][-]{section.4.12}{\376\377\0004\000.\0001\0002\000\040\000s\000r\000c\000/\000u\000t\000i\000l\000s\000.\000c\000c\000\040\000F\000i\000l\000e\000\040\000R\000e\000f\000e\000r\000e\000n\000c\000e}{chapter.4}% 115
\BOOKMARK [2][-]{subsection.4.12.1}{\376\377\0004\000.\0001\0002\000.\0001\000\040\000F\000u\000n\000c\000t\000i\000o\000n\000\040\000D\000o\000c\000u\000m\000e\000n\000t\000a\000t\000i\000o\000n}{section.4.12}% 116
\BOOKMARK [3][-]{subsubsection.4.12.1.1}{\376\377\0004\000.\0001\0002\000.\0001\000.\0001\000\040\000m\000y\000\137\000i\000m\000s\000h\000o\000w\000\050\000\051}{subsection.4.12.1}% 117
\BOOKMARK [1][-]{section.4.13}{\376\377\0004\000.\0001\0003\000\040\000s\000r\000c\000/\000u\000t\000i\000l\000s\000.\000h\000h\000\040\000F\000i\000l\000e\000\040\000R\000e\000f\000e\000r\000e\000n\000c\000e}{chapter.4}% 118
\BOOKMARK [2][-]{subsection.4.13.1}{\376\377\0004\000.\0001\0003\000.\0001\000\040\000M\000a\000c\000r\000o\000\040\000D\000e\000f\000i\000n\000i\000t\000i\000o\000n\000\040\000D\000o\000c\000u\000m\000e\000n\000t\000a\000t\000i\000o\000n}{section.4.13}% 119
\BOOKMARK [3][-]{subsubsection.4.13.1.1}{\376\377\0004\000.\0001\0003\000.\0001\000.\0001\000\040\000I\000N\000F\000O}{subsection.4.13.1}% 120
\BOOKMARK [2][-]{subsection.4.13.2}{\376\377\0004\000.\0001\0003\000.\0002\000\040\000F\000u\000n\000c\000t\000i\000o\000n\000\040\000D\000o\000c\000u\000m\000e\000n\000t\000a\000t\000i\000o\000n}{section.4.13}% 121
\BOOKMARK [3][-]{subsubsection.4.13.2.1}{\376\377\0004\000.\0001\0003\000.\0002\000.\0001\000\040\000m\000y\000\137\000i\000m\000s\000h\000o\000w\000\050\000\051}{subsection.4.13.2}% 122
\BOOKMARK [0][-]{section*.42}{\376\377\000I\000n\000d\000e\000x}{}% 123
